Arguments: 
  /home/ubuntu/.nvm/versions/node/v10.15.1/bin/node /usr/share/yarn/bin/yarn.js add worker_threads --experimental-worker

PATH: 
  /home/ubuntu/perl5/bin:/home/ubuntu/.pyenv/plugins/pyenv-virtualenv/shims:/home/ubuntu/.pyenv/shims:/home/ubuntu/.pyenv/bin:/home/ubuntu/.nvm/versions/node/v10.15.1/bin:/home/ubuntu/.local/bin:/home/ubuntu/bin:/home/ubuntu/.local/bin:/usr/local/sbin:/usr/local/bin:/usr/sbin:/usr/bin:/sbin:/bin:/usr/games:/usr/local/games:/snap/bin:/usr/lib/jvm/java-8-oracle/bin:/usr/lib/jvm/java-8-oracle/db/bin:/usr/lib/jvm/java-8-oracle/jre/bin:/home/ubuntu/dev/nori/node_modules/.bin:/home/ubuntu/Android/Sdk/tools:/home/ubuntu/Android/Sdk/platform-tools

Yarn version: 
  1.12.3

Node version: 
  10.15.1

Platform: 
  linux x64

Trace: 
  Error: https://registry.npmjs.org/worker_threads: Not found
      at Request.params.callback [as _callback] (/usr/share/yarn/lib/cli.js:65894:18)
      at Request.self.callback (/usr/share/yarn/lib/cli.js:129018:22)
      at Request.emit (events.js:189:13)
      at Request.<anonymous> (/usr/share/yarn/lib/cli.js:129990:10)
      at Request.emit (events.js:189:13)
      at IncomingMessage.<anonymous> (/usr/share/yarn/lib/cli.js:129912:12)
      at Object.onceWrapper (events.js:277:13)
      at IncomingMessage.emit (events.js:194:15)
      at endReadableNT (_stream_readable.js:1103:12)
      at process._tickCallback (internal/process/next_tick.js:63:19)

npm manifest: 
  {
    "name": "async-explore",
    "version": "1.0.0",
    "main": "index.js",
    "license": "MIT",
    "devDependencies": {
      "microjob": "^0.4.2"
    }
  }

yarn manifest: 
  No manifest

Lockfile: 
  # THIS IS AN AUTOGENERATED FILE. DO NOT EDIT THIS FILE DIRECTLY.
  # yarn lockfile v1
  
  
  microjob@^0.4.2:
    version "0.4.2"
    resolved "https://registry.npmjs.org/microjob/-/microjob-0.4.2.tgz#170adae68dd631c1a3becce7e19687e5be390099"
    integrity sha512-zIg+ytjSC89Qe1Gg22d1Hq4X1xKFdb+WaoITCd0ZrpVfAp1+zKxTqVMEACw3uzWCRJeTGUwWxpaWT70qq+YQlg==
